{
  "RSpec": {
    "coverage": {
      "/Users/lizziehard/challenges/week_8/acebook-bluejuly2017/app/helpers/application_helper.rb": [
        1,
        null
      ],
      "/Users/lizziehard/challenges/week_8/acebook-bluejuly2017/app/helpers/random_images_helper.rb": [
        1,
        null
      ],
      "/Users/lizziehard/challenges/week_8/acebook-bluejuly2017/app/controllers/posts_controller.rb": [
        1,
        1,
        null,
        1,
        9,
        9,
        null,
        null,
        1,
        1,
        1,
        null,
        null,
        1,
        37,
        46,
        null,
        null,
        1,
        1,
        1,
        null,
        null,
        1,
        0,
        0,
        null,
        null,
        1,
        null,
        1,
        1,
        null,
        null,
        1,
        9,
        null,
        null
      ],
      "/Users/lizziehard/challenges/week_8/acebook-bluejuly2017/app/controllers/application_controller.rb": [
        1,
        1,
        1,
        null
      ],
      "/Users/lizziehard/challenges/week_8/acebook-bluejuly2017/app/controllers/random_images_controller.rb": [
        1,
        null,
        1,
        null,
        1,
        4,
        4,
        null,
        null,
        1,
        0,
        null,
        null,
        1,
        null,
        1,
        4,
        4,
        null,
        null,
        1,
        4,
        4,
        28,
        20,
        null,
        4,
        null,
        null,
        1,
        28,
        null,
        null,
        1,
        28,
        null,
        null
      ],
      "/Users/lizziehard/challenges/week_8/acebook-bluejuly2017/app/models/post.rb": [
        1,
        1,
        null
      ],
      "/Users/lizziehard/challenges/week_8/acebook-bluejuly2017/app/models/application_record.rb": [
        1,
        1,
        null
      ],
      "/Users/lizziehard/challenges/week_8/acebook-bluejuly2017/app/models/user.rb": [
        1,
        1,
        null,
        1,
        null
      ],
      "/Users/lizziehard/challenges/week_8/acebook-bluejuly2017/app/controllers/users_controller.rb": [
        1,
        null,
        1,
        1,
        null,
        null,
        1,
        null,
        1,
        0,
        0,
        0,
        0,
        0,
        0,
        0,
        null,
        0,
        0,
        0,
        0,
        0,
        0,
        0,
        0,
        null,
        null,
        null,
        1,
        0,
        null,
        null,
        null
      ]
    },
    "timestamp": 1506004725
  }
}
