{
  "RSpec": {
    "coverage": {
      "/Users/stephengeller/Desktop/Projects/makers-academy/week-8/acebook-bluejuly2017/app/helpers/application_helper.rb": [
        1,
        null
      ],
      "/Users/stephengeller/Desktop/Projects/makers-academy/week-8/acebook-bluejuly2017/app/controllers/posts_controller.rb": [
        1,
        1,
        1,
        8,
        8,
        null,
        null,
        1,
        30,
        38,
        null,
        null,
        1,
        1,
        1,
        null,
        null,
        1,
        0,
        0,
        null,
        null,
        1,
        null,
        1,
        1,
        null,
        null,
        1,
        8,
        null,
        null
      ],
      "/Users/stephengeller/Desktop/Projects/makers-academy/week-8/acebook-bluejuly2017/app/controllers/application_controller.rb": [
        1,
        1,
        1,
        null
      ],
      "/Users/stephengeller/Desktop/Projects/makers-academy/week-8/acebook-bluejuly2017/app/models/post.rb": [
        1,
        1,
        null
      ],
      "/Users/stephengeller/Desktop/Projects/makers-academy/week-8/acebook-bluejuly2017/app/models/application_record.rb": [
        1,
        1,
        null
      ],
      "/Users/stephengeller/Desktop/Projects/makers-academy/week-8/acebook-bluejuly2017/app/models/user.rb": [
        1,
        1,
        null,
        1,
        null
      ],
      "/Users/stephengeller/Desktop/Projects/makers-academy/week-8/acebook-bluejuly2017/app/controllers/users_controller.rb": [
        0,
        null,
        0,
        0,
        0,
        null,
        0,
        null,
        0,
        0,
        0,
        0,
        0,
        0,
        0,
        0,
        null,
        0,
        0,
        0,
        0,
        0,
        0,
        0,
        0,
        0,
        0,
        null,
        0,
        0,
        0,
        null,
        0
      ]
    },
    "timestamp": 1505992210
  }
}
